[     105ms] [ERROR] Failed to load resource: the server responded with a status of 404 (Not Found) @ http://localhost:5174/favicon.ico:0
[     179ms] Svelte error: each_key_duplicate
Keyed each block has duplicate key `analog-input:0` at indexes 0 and 21
https://svelte.dev/e/each_key_duplicate

	in <unknown>
	in PointsPanel.svelte
	in +page.svelte
	in +layout.svelte
	in root.svelte
	in undefined

    at each_key_duplicate (http://localhost:5174/node_modules/.vite/deps/chunk-7A7CYNOJ.js?v=8ed49038:297:19)
    at validate_each_keys (http://localhost:5174/node_modules/.vite/deps/chunk-7G2KXPB3.js?v=8ed49038:1300:7)
    at http://localhost:5174/node_modules/.vite/deps/chunk-7G2KXPB3.js?v=8ed49038:1037:9
    at update_reaction (http://localhost:5174/node_modules/.vite/deps/chunk-7A7CYNOJ.js?v=8ed49038:3845:18)
    at update_effect (http://localhost:5174/node_modules/.vite/deps/chunk-7A7CYNOJ.js?v=8ed49038:3984:21)
    at #traverse (http://localhost:5174/node_modules/.vite/deps/chunk-7A7CYNOJ.js?v=8ed49038:2676:11)
    at #process (http://localhost:5174/node_modules/.vite/deps/chunk-7A7CYNOJ.js?v=8ed49038:2595:23)
    at _Batch.flush (http://localhost:5174/node_modules/.vite/deps/chunk-7A7CYNOJ.js?v=8ed49038:2729:20)
    at Array.<anonymous> (http://localhost:5174/node_modules/.vite/deps/chunk-7A7CYNOJ.js?v=8ed49038:2852:19)
    at run_all (http://localhost:5174/node_modules/.vite/deps/chunk-7A7CYNOJ.js?v=8ed49038:44:11)
[    1186ms] Svelte error: each_key_duplicate
Keyed each block has duplicate key `analog-input:0` at indexes 0 and 21
https://svelte.dev/e/each_key_duplicate

	in <unknown>
	in PointsPanel.svelte
	in +page.svelte
	in +layout.svelte
	in root.svelte
	in undefined

    at each_key_duplicate (http://localhost:5174/node_modules/.vite/deps/chunk-7A7CYNOJ.js?v=8ed49038:297:19)
    at validate_each_keys (http://localhost:5174/node_modules/.vite/deps/chunk-7G2KXPB3.js?v=8ed49038:1300:7)
    at http://localhost:5174/node_modules/.vite/deps/chunk-7G2KXPB3.js?v=8ed49038:1037:9
    at update_reaction (http://localhost:5174/node_modules/.vite/deps/chunk-7A7CYNOJ.js?v=8ed49038:3845:18)
    at update_effect (http://localhost:5174/node_modules/.vite/deps/chunk-7A7CYNOJ.js?v=8ed49038:3984:21)
    at #traverse (http://localhost:5174/node_modules/.vite/deps/chunk-7A7CYNOJ.js?v=8ed49038:2676:11)
    at #process (http://localhost:5174/node_modules/.vite/deps/chunk-7A7CYNOJ.js?v=8ed49038:2595:23)
    at _Batch.flush (http://localhost:5174/node_modules/.vite/deps/chunk-7A7CYNOJ.js?v=8ed49038:2729:20)
    at Array.<anonymous> (http://localhost:5174/node_modules/.vite/deps/chunk-7A7CYNOJ.js?v=8ed49038:2852:19)
    at run_all (http://localhost:5174/node_modules/.vite/deps/chunk-7A7CYNOJ.js?v=8ed49038:44:11)
[    2186ms] Svelte error: each_key_duplicate
Keyed each block has duplicate key `analog-input:0` at indexes 0 and 21
https://svelte.dev/e/each_key_duplicate

	in <unknown>
	in PointsPanel.svelte
	in +page.svelte
	in +layout.svelte
	in root.svelte
	in undefined

    at each_key_duplicate (http://localhost:5174/node_modules/.vite/deps/chunk-7A7CYNOJ.js?v=8ed49038:297:19)
    at validate_each_keys (http://localhost:5174/node_modules/.vite/deps/chunk-7G2KXPB3.js?v=8ed49038:1300:7)
    at http://localhost:5174/node_modules/.vite/deps/chunk-7G2KXPB3.js?v=8ed49038:1037:9
    at update_reaction (http://localhost:5174/node_modules/.vite/deps/chunk-7A7CYNOJ.js?v=8ed49038:3845:18)
    at update_effect (http://localhost:5174/node_modules/.vite/deps/chunk-7A7CYNOJ.js?v=8ed49038:3984:21)
    at #traverse (http://localhost:5174/node_modules/.vite/deps/chunk-7A7CYNOJ.js?v=8ed49038:2676:11)
    at #process (http://localhost:5174/node_modules/.vite/deps/chunk-7A7CYNOJ.js?v=8ed49038:2595:23)
    at _Batch.flush (http://localhost:5174/node_modules/.vite/deps/chunk-7A7CYNOJ.js?v=8ed49038:2729:20)
    at Array.<anonymous> (http://localhost:5174/node_modules/.vite/deps/chunk-7A7CYNOJ.js?v=8ed49038:2852:19)
    at run_all (http://localhost:5174/node_modules/.vite/deps/chunk-7A7CYNOJ.js?v=8ed49038:44:11)
[    3187ms] Svelte error: each_key_duplicate
Keyed each block has duplicate key `analog-input:0` at indexes 0 and 21
https://svelte.dev/e/each_key_duplicate

	in <unknown>
	in PointsPanel.svelte
	in +page.svelte
	in +layout.svelte
	in root.svelte
	in undefined

    at each_key_duplicate (http://localhost:5174/node_modules/.vite/deps/chunk-7A7CYNOJ.js?v=8ed49038:297:19)
    at validate_each_keys (http://localhost:5174/node_modules/.vite/deps/chunk-7G2KXPB3.js?v=8ed49038:1300:7)
    at http://localhost:5174/node_modules/.vite/deps/chunk-7G2KXPB3.js?v=8ed49038:1037:9
    at update_reaction (http://localhost:5174/node_modules/.vite/deps/chunk-7A7CYNOJ.js?v=8ed49038:3845:18)
    at update_effect (http://localhost:5174/node_modules/.vite/deps/chunk-7A7CYNOJ.js?v=8ed49038:3984:21)
    at #traverse (http://localhost:5174/node_modules/.vite/deps/chunk-7A7CYNOJ.js?v=8ed49038:2676:11)
    at #process (http://localhost:5174/node_modules/.vite/deps/chunk-7A7CYNOJ.js?v=8ed49038:2595:23)
    at _Batch.flush (http://localhost:5174/node_modules/.vite/deps/chunk-7A7CYNOJ.js?v=8ed49038:2729:20)
    at Array.<anonymous> (http://localhost:5174/node_modules/.vite/deps/chunk-7A7CYNOJ.js?v=8ed49038:2852:19)
    at run_all (http://localhost:5174/node_modules/.vite/deps/chunk-7A7CYNOJ.js?v=8ed49038:44:11)
[    4188ms] Svelte error: each_key_duplicate
Keyed each block has duplicate key `analog-input:0` at indexes 0 and 21
https://svelte.dev/e/each_key_duplicate

	in <unknown>
	in PointsPanel.svelte
	in +page.svelte
	in +layout.svelte
	in root.svelte
	in undefined

    at each_key_duplicate (http://localhost:5174/node_modules/.vite/deps/chunk-7A7CYNOJ.js?v=8ed49038:297:19)
    at validate_each_keys (http://localhost:5174/node_modules/.vite/deps/chunk-7G2KXPB3.js?v=8ed49038:1300:7)
    at http://localhost:5174/node_modules/.vite/deps/chunk-7G2KXPB3.js?v=8ed49038:1037:9
    at update_reaction (http://localhost:5174/node_modules/.vite/deps/chunk-7A7CYNOJ.js?v=8ed49038:3845:18)
    at update_effect (http://localhost:5174/node_modules/.vite/deps/chunk-7A7CYNOJ.js?v=8ed49038:3984:21)
    at #traverse (http://localhost:5174/node_modules/.vite/deps/chunk-7A7CYNOJ.js?v=8ed49038:2676:11)
    at #process (http://localhost:5174/node_modules/.vite/deps/chunk-7A7CYNOJ.js?v=8ed49038:2595:23)
    at _Batch.flush (http://localhost:5174/node_modules/.vite/deps/chunk-7A7CYNOJ.js?v=8ed49038:2729:20)
    at Array.<anonymous> (http://localhost:5174/node_modules/.vite/deps/chunk-7A7CYNOJ.js?v=8ed49038:2852:19)
    at run_all (http://localhost:5174/node_modules/.vite/deps/chunk-7A7CYNOJ.js?v=8ed49038:44:11)
[    5189ms] Svelte error: each_key_duplicate
Keyed each block has duplicate key `analog-input:0` at indexes 0 and 21
https://svelte.dev/e/each_key_duplicate

	in <unknown>
	in PointsPanel.svelte
	in +page.svelte
	in +layout.svelte
	in root.svelte
	in undefined

    at each_key_duplicate (http://localhost:5174/node_modules/.vite/deps/chunk-7A7CYNOJ.js?v=8ed49038:297:19)
    at validate_each_keys (http://localhost:5174/node_modules/.vite/deps/chunk-7G2KXPB3.js?v=8ed49038:1300:7)
    at http://localhost:5174/node_modules/.vite/deps/chunk-7G2KXPB3.js?v=8ed49038:1037:9
    at update_reaction (http://localhost:5174/node_modules/.vite/deps/chunk-7A7CYNOJ.js?v=8ed49038:3845:18)
    at update_effect (http://localhost:5174/node_modules/.vite/deps/chunk-7A7CYNOJ.js?v=8ed49038:3984:21)
    at #traverse (http://localhost:5174/node_modules/.vite/deps/chunk-7A7CYNOJ.js?v=8ed49038:2676:11)
    at #process (http://localhost:5174/node_modules/.vite/deps/chunk-7A7CYNOJ.js?v=8ed49038:2595:23)
    at _Batch.flush (http://localhost:5174/node_modules/.vite/deps/chunk-7A7CYNOJ.js?v=8ed49038:2729:20)
    at Array.<anonymous> (http://localhost:5174/node_modules/.vite/deps/chunk-7A7CYNOJ.js?v=8ed49038:2852:19)
    at run_all (http://localhost:5174/node_modules/.vite/deps/chunk-7A7CYNOJ.js?v=8ed49038:44:11)
[    6190ms] Svelte error: each_key_duplicate
Keyed each block has duplicate key `analog-input:0` at indexes 0 and 21
https://svelte.dev/e/each_key_duplicate

	in <unknown>
	in PointsPanel.svelte
	in +page.svelte
	in +layout.svelte
	in root.svelte
	in undefined

    at each_key_duplicate (http://localhost:5174/node_modules/.vite/deps/chunk-7A7CYNOJ.js?v=8ed49038:297:19)
    at validate_each_keys (http://localhost:5174/node_modules/.vite/deps/chunk-7G2KXPB3.js?v=8ed49038:1300:7)
    at http://localhost:5174/node_modules/.vite/deps/chunk-7G2KXPB3.js?v=8ed49038:1037:9
    at update_reaction (http://localhost:5174/node_modules/.vite/deps/chunk-7A7CYNOJ.js?v=8ed49038:3845:18)
    at update_effect (http://localhost:5174/node_modules/.vite/deps/chunk-7A7CYNOJ.js?v=8ed49038:3984:21)
    at #traverse (http://localhost:5174/node_modules/.vite/deps/chunk-7A7CYNOJ.js?v=8ed49038:2676:11)
    at #process (http://localhost:5174/node_modules/.vite/deps/chunk-7A7CYNOJ.js?v=8ed49038:2595:23)
    at _Batch.flush (http://localhost:5174/node_modules/.vite/deps/chunk-7A7CYNOJ.js?v=8ed49038:2729:20)
    at Array.<anonymous> (http://localhost:5174/node_modules/.vite/deps/chunk-7A7CYNOJ.js?v=8ed49038:2852:19)
    at run_all (http://localhost:5174/node_modules/.vite/deps/chunk-7A7CYNOJ.js?v=8ed49038:44:11)
[    7190ms] Svelte error: each_key_duplicate
Keyed each block has duplicate key `analog-input:0` at indexes 0 and 21
https://svelte.dev/e/each_key_duplicate

	in <unknown>
	in PointsPanel.svelte
	in +page.svelte
	in +layout.svelte
	in root.svelte
	in undefined

    at each_key_duplicate (http://localhost:5174/node_modules/.vite/deps/chunk-7A7CYNOJ.js?v=8ed49038:297:19)
    at validate_each_keys (http://localhost:5174/node_modules/.vite/deps/chunk-7G2KXPB3.js?v=8ed49038:1300:7)
    at http://localhost:5174/node_modules/.vite/deps/chunk-7G2KXPB3.js?v=8ed49038:1037:9
    at update_reaction (http://localhost:5174/node_modules/.vite/deps/chunk-7A7CYNOJ.js?v=8ed49038:3845:18)
    at update_effect (http://localhost:5174/node_modules/.vite/deps/chunk-7A7CYNOJ.js?v=8ed49038:3984:21)
    at #traverse (http://localhost:5174/node_modules/.vite/deps/chunk-7A7CYNOJ.js?v=8ed49038:2676:11)
    at #process (http://localhost:5174/node_modules/.vite/deps/chunk-7A7CYNOJ.js?v=8ed49038:2595:23)
    at _Batch.flush (http://localhost:5174/node_modules/.vite/deps/chunk-7A7CYNOJ.js?v=8ed49038:2729:20)
    at Array.<anonymous> (http://localhost:5174/node_modules/.vite/deps/chunk-7A7CYNOJ.js?v=8ed49038:2852:19)
    at run_all (http://localhost:5174/node_modules/.vite/deps/chunk-7A7CYNOJ.js?v=8ed49038:44:11)
[    8191ms] Svelte error: each_key_duplicate
Keyed each block has duplicate key `analog-input:0` at indexes 0 and 21
https://svelte.dev/e/each_key_duplicate

	in <unknown>
	in PointsPanel.svelte
	in +page.svelte
	in +layout.svelte
	in root.svelte
	in undefined

    at each_key_duplicate (http://localhost:5174/node_modules/.vite/deps/chunk-7A7CYNOJ.js?v=8ed49038:297:19)
    at validate_each_keys (http://localhost:5174/node_modules/.vite/deps/chunk-7G2KXPB3.js?v=8ed49038:1300:7)
    at http://localhost:5174/node_modules/.vite/deps/chunk-7G2KXPB3.js?v=8ed49038:1037:9
    at update_reaction (http://localhost:5174/node_modules/.vite/deps/chunk-7A7CYNOJ.js?v=8ed49038:3845:18)
    at update_effect (http://localhost:5174/node_modules/.vite/deps/chunk-7A7CYNOJ.js?v=8ed49038:3984:21)
    at #traverse (http://localhost:5174/node_modules/.vite/deps/chunk-7A7CYNOJ.js?v=8ed49038:2676:11)
    at #process (http://localhost:5174/node_modules/.vite/deps/chunk-7A7CYNOJ.js?v=8ed49038:2595:23)
    at _Batch.flush (http://localhost:5174/node_modules/.vite/deps/chunk-7A7CYNOJ.js?v=8ed49038:2729:20)
    at Array.<anonymous> (http://localhost:5174/node_modules/.vite/deps/chunk-7A7CYNOJ.js?v=8ed49038:2852:19)
    at run_all (http://localhost:5174/node_modules/.vite/deps/chunk-7A7CYNOJ.js?v=8ed49038:44:11)
[    9193ms] Svelte error: each_key_duplicate
Keyed each block has duplicate key `analog-input:0` at indexes 0 and 21
https://svelte.dev/e/each_key_duplicate

	in <unknown>
	in PointsPanel.svelte
	in +page.svelte
	in +layout.svelte
	in root.svelte
	in undefined

    at each_key_duplicate (http://localhost:5174/node_modules/.vite/deps/chunk-7A7CYNOJ.js?v=8ed49038:297:19)
    at validate_each_keys (http://localhost:5174/node_modules/.vite/deps/chunk-7G2KXPB3.js?v=8ed49038:1300:7)
    at http://localhost:5174/node_modules/.vite/deps/chunk-7G2KXPB3.js?v=8ed49038:1037:9
    at update_reaction (http://localhost:5174/node_modules/.vite/deps/chunk-7A7CYNOJ.js?v=8ed49038:3845:18)
    at update_effect (http://localhost:5174/node_modules/.vite/deps/chunk-7A7CYNOJ.js?v=8ed49038:3984:21)
    at #traverse (http://localhost:5174/node_modules/.vite/deps/chunk-7A7CYNOJ.js?v=8ed49038:2676:11)
    at #process (http://localhost:5174/node_modules/.vite/deps/chunk-7A7CYNOJ.js?v=8ed49038:2595:23)
    at _Batch.flush (http://localhost:5174/node_modules/.vite/deps/chunk-7A7CYNOJ.js?v=8ed49038:2729:20)
    at Array.<anonymous> (http://localhost:5174/node_modules/.vite/deps/chunk-7A7CYNOJ.js?v=8ed49038:2852:19)
    at run_all (http://localhost:5174/node_modules/.vite/deps/chunk-7A7CYNOJ.js?v=8ed49038:44:11)
[   10193ms] Svelte error: each_key_duplicate
Keyed each block has duplicate key `analog-input:0` at indexes 0 and 21
https://svelte.dev/e/each_key_duplicate

	in <unknown>
	in PointsPanel.svelte
	in +page.svelte
	in +layout.svelte
	in root.svelte
	in undefined

    at each_key_duplicate (http://localhost:5174/node_modules/.vite/deps/chunk-7A7CYNOJ.js?v=8ed49038:297:19)
    at validate_each_keys (http://localhost:5174/node_modules/.vite/deps/chunk-7G2KXPB3.js?v=8ed49038:1300:7)
    at http://localhost:5174/node_modules/.vite/deps/chunk-7G2KXPB3.js?v=8ed49038:1037:9
    at update_reaction (http://localhost:5174/node_modules/.vite/deps/chunk-7A7CYNOJ.js?v=8ed49038:3845:18)
    at update_effect (http://localhost:5174/node_modules/.vite/deps/chunk-7A7CYNOJ.js?v=8ed49038:3984:21)
    at #traverse (http://localhost:5174/node_modules/.vite/deps/chunk-7A7CYNOJ.js?v=8ed49038:2676:11)
    at #process (http://localhost:5174/node_modules/.vite/deps/chunk-7A7CYNOJ.js?v=8ed49038:2595:23)
    at _Batch.flush (http://localhost:5174/node_modules/.vite/deps/chunk-7A7CYNOJ.js?v=8ed49038:2729:20)
    at Array.<anonymous> (http://localhost:5174/node_modules/.vite/deps/chunk-7A7CYNOJ.js?v=8ed49038:2852:19)
    at run_all (http://localhost:5174/node_modules/.vite/deps/chunk-7A7CYNOJ.js?v=8ed49038:44:11)
[   11194ms] Svelte error: each_key_duplicate
Keyed each block has duplicate key `analog-input:0` at indexes 0 and 21
https://svelte.dev/e/each_key_duplicate

	in <unknown>
	in PointsPanel.svelte
	in +page.svelte
	in +layout.svelte
	in root.svelte
	in undefined

    at each_key_duplicate (http://localhost:5174/node_modules/.vite/deps/chunk-7A7CYNOJ.js?v=8ed49038:297:19)
    at validate_each_keys (http://localhost:5174/node_modules/.vite/deps/chunk-7G2KXPB3.js?v=8ed49038:1300:7)
    at http://localhost:5174/node_modules/.vite/deps/chunk-7G2KXPB3.js?v=8ed49038:1037:9
    at update_reaction (http://localhost:5174/node_modules/.vite/deps/chunk-7A7CYNOJ.js?v=8ed49038:3845:18)
    at update_effect (http://localhost:5174/node_modules/.vite/deps/chunk-7A7CYNOJ.js?v=8ed49038:3984:21)
    at #traverse (http://localhost:5174/node_modules/.vite/deps/chunk-7A7CYNOJ.js?v=8ed49038:2676:11)
    at #process (http://localhost:5174/node_modules/.vite/deps/chunk-7A7CYNOJ.js?v=8ed49038:2595:23)
    at _Batch.flush (http://localhost:5174/node_modules/.vite/deps/chunk-7A7CYNOJ.js?v=8ed49038:2729:20)
    at Array.<anonymous> (http://localhost:5174/node_modules/.vite/deps/chunk-7A7CYNOJ.js?v=8ed49038:2852:19)
    at run_all (http://localhost:5174/node_modules/.vite/deps/chunk-7A7CYNOJ.js?v=8ed49038:44:11)
[   12195ms] Svelte error: each_key_duplicate
Keyed each block has duplicate key `analog-input:0` at indexes 0 and 21
https://svelte.dev/e/each_key_duplicate

	in <unknown>
	in PointsPanel.svelte
	in +page.svelte
	in +layout.svelte
	in root.svelte
	in undefined

    at each_key_duplicate (http://localhost:5174/node_modules/.vite/deps/chunk-7A7CYNOJ.js?v=8ed49038:297:19)
    at validate_each_keys (http://localhost:5174/node_modules/.vite/deps/chunk-7G2KXPB3.js?v=8ed49038:1300:7)
    at http://localhost:5174/node_modules/.vite/deps/chunk-7G2KXPB3.js?v=8ed49038:1037:9
    at update_reaction (http://localhost:5174/node_modules/.vite/deps/chunk-7A7CYNOJ.js?v=8ed49038:3845:18)
    at update_effect (http://localhost:5174/node_modules/.vite/deps/chunk-7A7CYNOJ.js?v=8ed49038:3984:21)
    at #traverse (http://localhost:5174/node_modules/.vite/deps/chunk-7A7CYNOJ.js?v=8ed49038:2676:11)
    at #process (http://localhost:5174/node_modules/.vite/deps/chunk-7A7CYNOJ.js?v=8ed49038:2595:23)
    at _Batch.flush (http://localhost:5174/node_modules/.vite/deps/chunk-7A7CYNOJ.js?v=8ed49038:2729:20)
    at Array.<anonymous> (http://localhost:5174/node_modules/.vite/deps/chunk-7A7CYNOJ.js?v=8ed49038:2852:19)
    at run_all (http://localhost:5174/node_modules/.vite/deps/chunk-7A7CYNOJ.js?v=8ed49038:44:11)
[   13197ms] Svelte error: each_key_duplicate
Keyed each block has duplicate key `analog-input:0` at indexes 0 and 21
https://svelte.dev/e/each_key_duplicate

	in <unknown>
	in PointsPanel.svelte
	in +page.svelte
	in +layout.svelte
	in root.svelte
	in undefined

    at each_key_duplicate (http://localhost:5174/node_modules/.vite/deps/chunk-7A7CYNOJ.js?v=8ed49038:297:19)
    at validate_each_keys (http://localhost:5174/node_modules/.vite/deps/chunk-7G2KXPB3.js?v=8ed49038:1300:7)
    at http://localhost:5174/node_modules/.vite/deps/chunk-7G2KXPB3.js?v=8ed49038:1037:9
    at update_reaction (http://localhost:5174/node_modules/.vite/deps/chunk-7A7CYNOJ.js?v=8ed49038:3845:18)
    at update_effect (http://localhost:5174/node_modules/.vite/deps/chunk-7A7CYNOJ.js?v=8ed49038:3984:21)
    at #traverse (http://localhost:5174/node_modules/.vite/deps/chunk-7A7CYNOJ.js?v=8ed49038:2676:11)
    at #process (http://localhost:5174/node_modules/.vite/deps/chunk-7A7CYNOJ.js?v=8ed49038:2595:23)
    at _Batch.flush (http://localhost:5174/node_modules/.vite/deps/chunk-7A7CYNOJ.js?v=8ed49038:2729:20)
    at Array.<anonymous> (http://localhost:5174/node_modules/.vite/deps/chunk-7A7CYNOJ.js?v=8ed49038:2852:19)
    at run_all (http://localhost:5174/node_modules/.vite/deps/chunk-7A7CYNOJ.js?v=8ed49038:44:11)
[   14196ms] Svelte error: each_key_duplicate
Keyed each block has duplicate key `analog-input:0` at indexes 0 and 21
https://svelte.dev/e/each_key_duplicate

	in <unknown>
	in PointsPanel.svelte
	in +page.svelte
	in +layout.svelte
	in root.svelte
	in undefined

    at each_key_duplicate (http://localhost:5174/node_modules/.vite/deps/chunk-7A7CYNOJ.js?v=8ed49038:297:19)
    at validate_each_keys (http://localhost:5174/node_modules/.vite/deps/chunk-7G2KXPB3.js?v=8ed49038:1300:7)
    at http://localhost:5174/node_modules/.vite/deps/chunk-7G2KXPB3.js?v=8ed49038:1037:9
    at update_reaction (http://localhost:5174/node_modules/.vite/deps/chunk-7A7CYNOJ.js?v=8ed49038:3845:18)
    at update_effect (http://localhost:5174/node_modules/.vite/deps/chunk-7A7CYNOJ.js?v=8ed49038:3984:21)
    at #traverse (http://localhost:5174/node_modules/.vite/deps/chunk-7A7CYNOJ.js?v=8ed49038:2676:11)
    at #process (http://localhost:5174/node_modules/.vite/deps/chunk-7A7CYNOJ.js?v=8ed49038:2595:23)
    at _Batch.flush (http://localhost:5174/node_modules/.vite/deps/chunk-7A7CYNOJ.js?v=8ed49038:2729:20)
    at Array.<anonymous> (http://localhost:5174/node_modules/.vite/deps/chunk-7A7CYNOJ.js?v=8ed49038:2852:19)
    at run_all (http://localhost:5174/node_modules/.vite/deps/chunk-7A7CYNOJ.js?v=8ed49038:44:11)
[   15197ms] Svelte error: each_key_duplicate
Keyed each block has duplicate key `analog-input:0` at indexes 0 and 21
https://svelte.dev/e/each_key_duplicate

	in <unknown>
	in PointsPanel.svelte
	in +page.svelte
	in +layout.svelte
	in root.svelte
	in undefined

    at each_key_duplicate (http://localhost:5174/node_modules/.vite/deps/chunk-7A7CYNOJ.js?v=8ed49038:297:19)
    at validate_each_keys (http://localhost:5174/node_modules/.vite/deps/chunk-7G2KXPB3.js?v=8ed49038:1300:7)
    at http://localhost:5174/node_modules/.vite/deps/chunk-7G2KXPB3.js?v=8ed49038:1037:9
    at update_reaction (http://localhost:5174/node_modules/.vite/deps/chunk-7A7CYNOJ.js?v=8ed49038:3845:18)
    at update_effect (http://localhost:5174/node_modules/.vite/deps/chunk-7A7CYNOJ.js?v=8ed49038:3984:21)
    at #traverse (http://localhost:5174/node_modules/.vite/deps/chunk-7A7CYNOJ.js?v=8ed49038:2676:11)
    at #process (http://localhost:5174/node_modules/.vite/deps/chunk-7A7CYNOJ.js?v=8ed49038:2595:23)
    at _Batch.flush (http://localhost:5174/node_modules/.vite/deps/chunk-7A7CYNOJ.js?v=8ed49038:2729:20)
    at Array.<anonymous> (http://localhost:5174/node_modules/.vite/deps/chunk-7A7CYNOJ.js?v=8ed49038:2852:19)
    at run_all (http://localhost:5174/node_modules/.vite/deps/chunk-7A7CYNOJ.js?v=8ed49038:44:11)
[   16198ms] Svelte error: each_key_duplicate
Keyed each block has duplicate key `analog-input:0` at indexes 0 and 21
https://svelte.dev/e/each_key_duplicate

	in <unknown>
	in PointsPanel.svelte
	in +page.svelte
	in +layout.svelte
	in root.svelte
	in undefined

    at each_key_duplicate (http://localhost:5174/node_modules/.vite/deps/chunk-7A7CYNOJ.js?v=8ed49038:297:19)
    at validate_each_keys (http://localhost:5174/node_modules/.vite/deps/chunk-7G2KXPB3.js?v=8ed49038:1300:7)
    at http://localhost:5174/node_modules/.vite/deps/chunk-7G2KXPB3.js?v=8ed49038:1037:9
    at update_reaction (http://localhost:5174/node_modules/.vite/deps/chunk-7A7CYNOJ.js?v=8ed49038:3845:18)
    at update_effect (http://localhost:5174/node_modules/.vite/deps/chunk-7A7CYNOJ.js?v=8ed49038:3984:21)
    at #traverse (http://localhost:5174/node_modules/.vite/deps/chunk-7A7CYNOJ.js?v=8ed49038:2676:11)
    at #process (http://localhost:5174/node_modules/.vite/deps/chunk-7A7CYNOJ.js?v=8ed49038:2595:23)
    at _Batch.flush (http://localhost:5174/node_modules/.vite/deps/chunk-7A7CYNOJ.js?v=8ed49038:2729:20)
    at Array.<anonymous> (http://localhost:5174/node_modules/.vite/deps/chunk-7A7CYNOJ.js?v=8ed49038:2852:19)
    at run_all (http://localhost:5174/node_modules/.vite/deps/chunk-7A7CYNOJ.js?v=8ed49038:44:11)
[   17199ms] Svelte error: each_key_duplicate
Keyed each block has duplicate key `analog-input:0` at indexes 0 and 21
https://svelte.dev/e/each_key_duplicate

	in <unknown>
	in PointsPanel.svelte
	in +page.svelte
	in +layout.svelte
	in root.svelte
	in undefined

    at each_key_duplicate (http://localhost:5174/node_modules/.vite/deps/chunk-7A7CYNOJ.js?v=8ed49038:297:19)
    at validate_each_keys (http://localhost:5174/node_modules/.vite/deps/chunk-7G2KXPB3.js?v=8ed49038:1300:7)
    at http://localhost:5174/node_modules/.vite/deps/chunk-7G2KXPB3.js?v=8ed49038:1037:9
    at update_reaction (http://localhost:5174/node_modules/.vite/deps/chunk-7A7CYNOJ.js?v=8ed49038:3845:18)
    at update_effect (http://localhost:5174/node_modules/.vite/deps/chunk-7A7CYNOJ.js?v=8ed49038:3984:21)
    at #traverse (http://localhost:5174/node_modules/.vite/deps/chunk-7A7CYNOJ.js?v=8ed49038:2676:11)
    at #process (http://localhost:5174/node_modules/.vite/deps/chunk-7A7CYNOJ.js?v=8ed49038:2595:23)
    at _Batch.flush (http://localhost:5174/node_modules/.vite/deps/chunk-7A7CYNOJ.js?v=8ed49038:2729:20)
    at Array.<anonymous> (http://localhost:5174/node_modules/.vite/deps/chunk-7A7CYNOJ.js?v=8ed49038:2852:19)
    at run_all (http://localhost:5174/node_modules/.vite/deps/chunk-7A7CYNOJ.js?v=8ed49038:44:11)
[   18200ms] Svelte error: each_key_duplicate
Keyed each block has duplicate key `analog-input:0` at indexes 0 and 21
https://svelte.dev/e/each_key_duplicate

	in <unknown>
	in PointsPanel.svelte
	in +page.svelte
	in +layout.svelte
	in root.svelte
	in undefined

    at each_key_duplicate (http://localhost:5174/node_modules/.vite/deps/chunk-7A7CYNOJ.js?v=8ed49038:297:19)
    at validate_each_keys (http://localhost:5174/node_modules/.vite/deps/chunk-7G2KXPB3.js?v=8ed49038:1300:7)
    at http://localhost:5174/node_modules/.vite/deps/chunk-7G2KXPB3.js?v=8ed49038:1037:9
    at update_reaction (http://localhost:5174/node_modules/.vite/deps/chunk-7A7CYNOJ.js?v=8ed49038:3845:18)
    at update_effect (http://localhost:5174/node_modules/.vite/deps/chunk-7A7CYNOJ.js?v=8ed49038:3984:21)
    at #traverse (http://localhost:5174/node_modules/.vite/deps/chunk-7A7CYNOJ.js?v=8ed49038:2676:11)
    at #process (http://localhost:5174/node_modules/.vite/deps/chunk-7A7CYNOJ.js?v=8ed49038:2595:23)
    at _Batch.flush (http://localhost:5174/node_modules/.vite/deps/chunk-7A7CYNOJ.js?v=8ed49038:2729:20)
    at Array.<anonymous> (http://localhost:5174/node_modules/.vite/deps/chunk-7A7CYNOJ.js?v=8ed49038:2852:19)
    at run_all (http://localhost:5174/node_modules/.vite/deps/chunk-7A7CYNOJ.js?v=8ed49038:44:11)
[   19202ms] Svelte error: each_key_duplicate
Keyed each block has duplicate key `analog-input:0` at indexes 0 and 21
https://svelte.dev/e/each_key_duplicate

	in <unknown>
	in PointsPanel.svelte
	in +page.svelte
	in +layout.svelte
	in root.svelte
	in undefined

    at each_key_duplicate (http://localhost:5174/node_modules/.vite/deps/chunk-7A7CYNOJ.js?v=8ed49038:297:19)
    at validate_each_keys (http://localhost:5174/node_modules/.vite/deps/chunk-7G2KXPB3.js?v=8ed49038:1300:7)
    at http://localhost:5174/node_modules/.vite/deps/chunk-7G2KXPB3.js?v=8ed49038:1037:9
    at update_reaction (http://localhost:5174/node_modules/.vite/deps/chunk-7A7CYNOJ.js?v=8ed49038:3845:18)
    at update_effect (http://localhost:5174/node_modules/.vite/deps/chunk-7A7CYNOJ.js?v=8ed49038:3984:21)
    at #traverse (http://localhost:5174/node_modules/.vite/deps/chunk-7A7CYNOJ.js?v=8ed49038:2676:11)
    at #process (http://localhost:5174/node_modules/.vite/deps/chunk-7A7CYNOJ.js?v=8ed49038:2595:23)
    at _Batch.flush (http://localhost:5174/node_modules/.vite/deps/chunk-7A7CYNOJ.js?v=8ed49038:2729:20)
    at Array.<anonymous> (http://localhost:5174/node_modules/.vite/deps/chunk-7A7CYNOJ.js?v=8ed49038:2852:19)
    at run_all (http://localhost:5174/node_modules/.vite/deps/chunk-7A7CYNOJ.js?v=8ed49038:44:11)
[   20203ms] Svelte error: each_key_duplicate
Keyed each block has duplicate key `analog-input:0` at indexes 0 and 21
https://svelte.dev/e/each_key_duplicate

	in <unknown>
	in PointsPanel.svelte
	in +page.svelte
	in +layout.svelte
	in root.svelte
	in undefined

    at each_key_duplicate (http://localhost:5174/node_modules/.vite/deps/chunk-7A7CYNOJ.js?v=8ed49038:297:19)
    at validate_each_keys (http://localhost:5174/node_modules/.vite/deps/chunk-7G2KXPB3.js?v=8ed49038:1300:7)
    at http://localhost:5174/node_modules/.vite/deps/chunk-7G2KXPB3.js?v=8ed49038:1037:9
    at update_reaction (http://localhost:5174/node_modules/.vite/deps/chunk-7A7CYNOJ.js?v=8ed49038:3845:18)
    at update_effect (http://localhost:5174/node_modules/.vite/deps/chunk-7A7CYNOJ.js?v=8ed49038:3984:21)
    at #traverse (http://localhost:5174/node_modules/.vite/deps/chunk-7A7CYNOJ.js?v=8ed49038:2676:11)
    at #process (http://localhost:5174/node_modules/.vite/deps/chunk-7A7CYNOJ.js?v=8ed49038:2595:23)
    at _Batch.flush (http://localhost:5174/node_modules/.vite/deps/chunk-7A7CYNOJ.js?v=8ed49038:2729:20)
    at Array.<anonymous> (http://localhost:5174/node_modules/.vite/deps/chunk-7A7CYNOJ.js?v=8ed49038:2852:19)
    at run_all (http://localhost:5174/node_modules/.vite/deps/chunk-7A7CYNOJ.js?v=8ed49038:44:11)
[   21204ms] Svelte error: each_key_duplicate
Keyed each block has duplicate key `analog-input:0` at indexes 0 and 21
https://svelte.dev/e/each_key_duplicate

	in <unknown>
	in PointsPanel.svelte
	in +page.svelte
	in +layout.svelte
	in root.svelte
	in undefined

    at each_key_duplicate (http://localhost:5174/node_modules/.vite/deps/chunk-7A7CYNOJ.js?v=8ed49038:297:19)
    at validate_each_keys (http://localhost:5174/node_modules/.vite/deps/chunk-7G2KXPB3.js?v=8ed49038:1300:7)
    at http://localhost:5174/node_modules/.vite/deps/chunk-7G2KXPB3.js?v=8ed49038:1037:9
    at update_reaction (http://localhost:5174/node_modules/.vite/deps/chunk-7A7CYNOJ.js?v=8ed49038:3845:18)
    at update_effect (http://localhost:5174/node_modules/.vite/deps/chunk-7A7CYNOJ.js?v=8ed49038:3984:21)
    at #traverse (http://localhost:5174/node_modules/.vite/deps/chunk-7A7CYNOJ.js?v=8ed49038:2676:11)
    at #process (http://localhost:5174/node_modules/.vite/deps/chunk-7A7CYNOJ.js?v=8ed49038:2595:23)
    at _Batch.flush (http://localhost:5174/node_modules/.vite/deps/chunk-7A7CYNOJ.js?v=8ed49038:2729:20)
    at Array.<anonymous> (http://localhost:5174/node_modules/.vite/deps/chunk-7A7CYNOJ.js?v=8ed49038:2852:19)
    at run_all (http://localhost:5174/node_modules/.vite/deps/chunk-7A7CYNOJ.js?v=8ed49038:44:11)
[   22205ms] Svelte error: each_key_duplicate
Keyed each block has duplicate key `analog-input:0` at indexes 0 and 21
https://svelte.dev/e/each_key_duplicate

	in <unknown>
	in PointsPanel.svelte
	in +page.svelte
	in +layout.svelte
	in root.svelte
	in undefined

    at each_key_duplicate (http://localhost:5174/node_modules/.vite/deps/chunk-7A7CYNOJ.js?v=8ed49038:297:19)
    at validate_each_keys (http://localhost:5174/node_modules/.vite/deps/chunk-7G2KXPB3.js?v=8ed49038:1300:7)
    at http://localhost:5174/node_modules/.vite/deps/chunk-7G2KXPB3.js?v=8ed49038:1037:9
    at update_reaction (http://localhost:5174/node_modules/.vite/deps/chunk-7A7CYNOJ.js?v=8ed49038:3845:18)
    at update_effect (http://localhost:5174/node_modules/.vite/deps/chunk-7A7CYNOJ.js?v=8ed49038:3984:21)
    at #traverse (http://localhost:5174/node_modules/.vite/deps/chunk-7A7CYNOJ.js?v=8ed49038:2676:11)
    at #process (http://localhost:5174/node_modules/.vite/deps/chunk-7A7CYNOJ.js?v=8ed49038:2595:23)
    at _Batch.flush (http://localhost:5174/node_modules/.vite/deps/chunk-7A7CYNOJ.js?v=8ed49038:2729:20)
    at Array.<anonymous> (http://localhost:5174/node_modules/.vite/deps/chunk-7A7CYNOJ.js?v=8ed49038:2852:19)
    at run_all (http://localhost:5174/node_modules/.vite/deps/chunk-7A7CYNOJ.js?v=8ed49038:44:11)
[   23205ms] Svelte error: each_key_duplicate
Keyed each block has duplicate key `analog-input:0` at indexes 0 and 21
https://svelte.dev/e/each_key_duplicate

	in <unknown>
	in PointsPanel.svelte
	in +page.svelte
	in +layout.svelte
	in root.svelte
	in undefined

    at each_key_duplicate (http://localhost:5174/node_modules/.vite/deps/chunk-7A7CYNOJ.js?v=8ed49038:297:19)
    at validate_each_keys (http://localhost:5174/node_modules/.vite/deps/chunk-7G2KXPB3.js?v=8ed49038:1300:7)
    at http://localhost:5174/node_modules/.vite/deps/chunk-7G2KXPB3.js?v=8ed49038:1037:9
    at update_reaction (http://localhost:5174/node_modules/.vite/deps/chunk-7A7CYNOJ.js?v=8ed49038:3845:18)
    at update_effect (http://localhost:5174/node_modules/.vite/deps/chunk-7A7CYNOJ.js?v=8ed49038:3984:21)
    at #traverse (http://localhost:5174/node_modules/.vite/deps/chunk-7A7CYNOJ.js?v=8ed49038:2676:11)
    at #process (http://localhost:5174/node_modules/.vite/deps/chunk-7A7CYNOJ.js?v=8ed49038:2595:23)
    at _Batch.flush (http://localhost:5174/node_modules/.vite/deps/chunk-7A7CYNOJ.js?v=8ed49038:2729:20)
    at Array.<anonymous> (http://localhost:5174/node_modules/.vite/deps/chunk-7A7CYNOJ.js?v=8ed49038:2852:19)
    at run_all (http://localhost:5174/node_modules/.vite/deps/chunk-7A7CYNOJ.js?v=8ed49038:44:11)
[   24206ms] Svelte error: each_key_duplicate
Keyed each block has duplicate key `analog-input:0` at indexes 0 and 21
https://svelte.dev/e/each_key_duplicate

	in <unknown>
	in PointsPanel.svelte
	in +page.svelte
	in +layout.svelte
	in root.svelte
	in undefined

    at each_key_duplicate (http://localhost:5174/node_modules/.vite/deps/chunk-7A7CYNOJ.js?v=8ed49038:297:19)
    at validate_each_keys (http://localhost:5174/node_modules/.vite/deps/chunk-7G2KXPB3.js?v=8ed49038:1300:7)
    at http://localhost:5174/node_modules/.vite/deps/chunk-7G2KXPB3.js?v=8ed49038:1037:9
    at update_reaction (http://localhost:5174/node_modules/.vite/deps/chunk-7A7CYNOJ.js?v=8ed49038:3845:18)
    at update_effect (http://localhost:5174/node_modules/.vite/deps/chunk-7A7CYNOJ.js?v=8ed49038:3984:21)
    at #traverse (http://localhost:5174/node_modules/.vite/deps/chunk-7A7CYNOJ.js?v=8ed49038:2676:11)
    at #process (http://localhost:5174/node_modules/.vite/deps/chunk-7A7CYNOJ.js?v=8ed49038:2595:23)
    at _Batch.flush (http://localhost:5174/node_modules/.vite/deps/chunk-7A7CYNOJ.js?v=8ed49038:2729:20)
    at Array.<anonymous> (http://localhost:5174/node_modules/.vite/deps/chunk-7A7CYNOJ.js?v=8ed49038:2852:19)
    at run_all (http://localhost:5174/node_modules/.vite/deps/chunk-7A7CYNOJ.js?v=8ed49038:44:11)
[   25208ms] Svelte error: each_key_duplicate
Keyed each block has duplicate key `analog-input:0` at indexes 0 and 21
https://svelte.dev/e/each_key_duplicate

	in <unknown>
	in PointsPanel.svelte
	in +page.svelte
	in +layout.svelte
	in root.svelte
	in undefined

    at each_key_duplicate (http://localhost:5174/node_modules/.vite/deps/chunk-7A7CYNOJ.js?v=8ed49038:297:19)
    at validate_each_keys (http://localhost:5174/node_modules/.vite/deps/chunk-7G2KXPB3.js?v=8ed49038:1300:7)
    at http://localhost:5174/node_modules/.vite/deps/chunk-7G2KXPB3.js?v=8ed49038:1037:9
    at update_reaction (http://localhost:5174/node_modules/.vite/deps/chunk-7A7CYNOJ.js?v=8ed49038:3845:18)
    at update_effect (http://localhost:5174/node_modules/.vite/deps/chunk-7A7CYNOJ.js?v=8ed49038:3984:21)
    at #traverse (http://localhost:5174/node_modules/.vite/deps/chunk-7A7CYNOJ.js?v=8ed49038:2676:11)
    at #process (http://localhost:5174/node_modules/.vite/deps/chunk-7A7CYNOJ.js?v=8ed49038:2595:23)
    at _Batch.flush (http://localhost:5174/node_modules/.vite/deps/chunk-7A7CYNOJ.js?v=8ed49038:2729:20)
    at Array.<anonymous> (http://localhost:5174/node_modules/.vite/deps/chunk-7A7CYNOJ.js?v=8ed49038:2852:19)
    at run_all (http://localhost:5174/node_modules/.vite/deps/chunk-7A7CYNOJ.js?v=8ed49038:44:11)
[   26208ms] Svelte error: each_key_duplicate
Keyed each block has duplicate key `analog-input:0` at indexes 0 and 21
https://svelte.dev/e/each_key_duplicate

	in <unknown>
	in PointsPanel.svelte
	in +page.svelte
	in +layout.svelte
	in root.svelte
	in undefined

    at each_key_duplicate (http://localhost:5174/node_modules/.vite/deps/chunk-7A7CYNOJ.js?v=8ed49038:297:19)
    at validate_each_keys (http://localhost:5174/node_modules/.vite/deps/chunk-7G2KXPB3.js?v=8ed49038:1300:7)
    at http://localhost:5174/node_modules/.vite/deps/chunk-7G2KXPB3.js?v=8ed49038:1037:9
    at update_reaction (http://localhost:5174/node_modules/.vite/deps/chunk-7A7CYNOJ.js?v=8ed49038:3845:18)
    at update_effect (http://localhost:5174/node_modules/.vite/deps/chunk-7A7CYNOJ.js?v=8ed49038:3984:21)
    at #traverse (http://localhost:5174/node_modules/.vite/deps/chunk-7A7CYNOJ.js?v=8ed49038:2676:11)
    at #process (http://localhost:5174/node_modules/.vite/deps/chunk-7A7CYNOJ.js?v=8ed49038:2595:23)
    at _Batch.flush (http://localhost:5174/node_modules/.vite/deps/chunk-7A7CYNOJ.js?v=8ed49038:2729:20)
    at Array.<anonymous> (http://localhost:5174/node_modules/.vite/deps/chunk-7A7CYNOJ.js?v=8ed49038:2852:19)
    at run_all (http://localhost:5174/node_modules/.vite/deps/chunk-7A7CYNOJ.js?v=8ed49038:44:11)
[   27209ms] Svelte error: each_key_duplicate
Keyed each block has duplicate key `analog-input:0` at indexes 0 and 21
https://svelte.dev/e/each_key_duplicate

	in <unknown>
	in PointsPanel.svelte
	in +page.svelte
	in +layout.svelte
	in root.svelte
	in undefined

    at each_key_duplicate (http://localhost:5174/node_modules/.vite/deps/chunk-7A7CYNOJ.js?v=8ed49038:297:19)
    at validate_each_keys (http://localhost:5174/node_modules/.vite/deps/chunk-7G2KXPB3.js?v=8ed49038:1300:7)
    at http://localhost:5174/node_modules/.vite/deps/chunk-7G2KXPB3.js?v=8ed49038:1037:9
    at update_reaction (http://localhost:5174/node_modules/.vite/deps/chunk-7A7CYNOJ.js?v=8ed49038:3845:18)
    at update_effect (http://localhost:5174/node_modules/.vite/deps/chunk-7A7CYNOJ.js?v=8ed49038:3984:21)
    at #traverse (http://localhost:5174/node_modules/.vite/deps/chunk-7A7CYNOJ.js?v=8ed49038:2676:11)
    at #process (http://localhost:5174/node_modules/.vite/deps/chunk-7A7CYNOJ.js?v=8ed49038:2595:23)
    at _Batch.flush (http://localhost:5174/node_modules/.vite/deps/chunk-7A7CYNOJ.js?v=8ed49038:2729:20)
    at Array.<anonymous> (http://localhost:5174/node_modules/.vite/deps/chunk-7A7CYNOJ.js?v=8ed49038:2852:19)
    at run_all (http://localhost:5174/node_modules/.vite/deps/chunk-7A7CYNOJ.js?v=8ed49038:44:11)
[   28210ms] Svelte error: each_key_duplicate
Keyed each block has duplicate key `analog-input:0` at indexes 0 and 21
https://svelte.dev/e/each_key_duplicate

	in <unknown>
	in PointsPanel.svelte
	in +page.svelte
	in +layout.svelte
	in root.svelte
	in undefined

    at each_key_duplicate (http://localhost:5174/node_modules/.vite/deps/chunk-7A7CYNOJ.js?v=8ed49038:297:19)
    at validate_each_keys (http://localhost:5174/node_modules/.vite/deps/chunk-7G2KXPB3.js?v=8ed49038:1300:7)
    at http://localhost:5174/node_modules/.vite/deps/chunk-7G2KXPB3.js?v=8ed49038:1037:9
    at update_reaction (http://localhost:5174/node_modules/.vite/deps/chunk-7A7CYNOJ.js?v=8ed49038:3845:18)
    at update_effect (http://localhost:5174/node_modules/.vite/deps/chunk-7A7CYNOJ.js?v=8ed49038:3984:21)
    at #traverse (http://localhost:5174/node_modules/.vite/deps/chunk-7A7CYNOJ.js?v=8ed49038:2676:11)
    at #process (http://localhost:5174/node_modules/.vite/deps/chunk-7A7CYNOJ.js?v=8ed49038:2595:23)
    at _Batch.flush (http://localhost:5174/node_modules/.vite/deps/chunk-7A7CYNOJ.js?v=8ed49038:2729:20)
    at Array.<anonymous> (http://localhost:5174/node_modules/.vite/deps/chunk-7A7CYNOJ.js?v=8ed49038:2852:19)
    at run_all (http://localhost:5174/node_modules/.vite/deps/chunk-7A7CYNOJ.js?v=8ed49038:44:11)
[   30213ms] Svelte error: each_key_duplicate
Keyed each block has duplicate key `analog-input:0` at indexes 0 and 21
https://svelte.dev/e/each_key_duplicate

	in <unknown>
	in PointsPanel.svelte
	in +page.svelte
	in +layout.svelte
	in root.svelte
	in undefined

    at each_key_duplicate (http://localhost:5174/node_modules/.vite/deps/chunk-7A7CYNOJ.js?v=8ed49038:297:19)
    at validate_each_keys (http://localhost:5174/node_modules/.vite/deps/chunk-7G2KXPB3.js?v=8ed49038:1300:7)
    at http://localhost:5174/node_modules/.vite/deps/chunk-7G2KXPB3.js?v=8ed49038:1037:9
    at update_reaction (http://localhost:5174/node_modules/.vite/deps/chunk-7A7CYNOJ.js?v=8ed49038:3845:18)
    at update_effect (http://localhost:5174/node_modules/.vite/deps/chunk-7A7CYNOJ.js?v=8ed49038:3984:21)
    at #traverse (http://localhost:5174/node_modules/.vite/deps/chunk-7A7CYNOJ.js?v=8ed49038:2676:11)
    at #process (http://localhost:5174/node_modules/.vite/deps/chunk-7A7CYNOJ.js?v=8ed49038:2595:23)
    at _Batch.flush (http://localhost:5174/node_modules/.vite/deps/chunk-7A7CYNOJ.js?v=8ed49038:2729:20)
    at Array.<anonymous> (http://localhost:5174/node_modules/.vite/deps/chunk-7A7CYNOJ.js?v=8ed49038:2852:19)
    at run_all (http://localhost:5174/node_modules/.vite/deps/chunk-7A7CYNOJ.js?v=8ed49038:44:11)
[   31213ms] Svelte error: each_key_duplicate
Keyed each block has duplicate key `analog-input:0` at indexes 0 and 21
https://svelte.dev/e/each_key_duplicate

	in <unknown>
	in PointsPanel.svelte
	in +page.svelte
	in +layout.svelte
	in root.svelte
	in undefined

    at each_key_duplicate (http://localhost:5174/node_modules/.vite/deps/chunk-7A7CYNOJ.js?v=8ed49038:297:19)
    at validate_each_keys (http://localhost:5174/node_modules/.vite/deps/chunk-7G2KXPB3.js?v=8ed49038:1300:7)
    at http://localhost:5174/node_modules/.vite/deps/chunk-7G2KXPB3.js?v=8ed49038:1037:9
    at update_reaction (http://localhost:5174/node_modules/.vite/deps/chunk-7A7CYNOJ.js?v=8ed49038:3845:18)
    at update_effect (http://localhost:5174/node_modules/.vite/deps/chunk-7A7CYNOJ.js?v=8ed49038:3984:21)
    at #traverse (http://localhost:5174/node_modules/.vite/deps/chunk-7A7CYNOJ.js?v=8ed49038:2676:11)
    at #process (http://localhost:5174/node_modules/.vite/deps/chunk-7A7CYNOJ.js?v=8ed49038:2595:23)
    at _Batch.flush (http://localhost:5174/node_modules/.vite/deps/chunk-7A7CYNOJ.js?v=8ed49038:2729:20)
    at Array.<anonymous> (http://localhost:5174/node_modules/.vite/deps/chunk-7A7CYNOJ.js?v=8ed49038:2852:19)
    at run_all (http://localhost:5174/node_modules/.vite/deps/chunk-7A7CYNOJ.js?v=8ed49038:44:11)
[   32214ms] Svelte error: each_key_duplicate
Keyed each block has duplicate key `analog-input:0` at indexes 0 and 21
https://svelte.dev/e/each_key_duplicate

	in <unknown>
	in PointsPanel.svelte
	in +page.svelte
	in +layout.svelte
	in root.svelte
	in undefined

    at each_key_duplicate (http://localhost:5174/node_modules/.vite/deps/chunk-7A7CYNOJ.js?v=8ed49038:297:19)
    at validate_each_keys (http://localhost:5174/node_modules/.vite/deps/chunk-7G2KXPB3.js?v=8ed49038:1300:7)
    at http://localhost:5174/node_modules/.vite/deps/chunk-7G2KXPB3.js?v=8ed49038:1037:9
    at update_reaction (http://localhost:5174/node_modules/.vite/deps/chunk-7A7CYNOJ.js?v=8ed49038:3845:18)
    at update_effect (http://localhost:5174/node_modules/.vite/deps/chunk-7A7CYNOJ.js?v=8ed49038:3984:21)
    at #traverse (http://localhost:5174/node_modules/.vite/deps/chunk-7A7CYNOJ.js?v=8ed49038:2676:11)
    at #process (http://localhost:5174/node_modules/.vite/deps/chunk-7A7CYNOJ.js?v=8ed49038:2595:23)
    at _Batch.flush (http://localhost:5174/node_modules/.vite/deps/chunk-7A7CYNOJ.js?v=8ed49038:2729:20)
    at Array.<anonymous> (http://localhost:5174/node_modules/.vite/deps/chunk-7A7CYNOJ.js?v=8ed49038:2852:19)
    at run_all (http://localhost:5174/node_modules/.vite/deps/chunk-7A7CYNOJ.js?v=8ed49038:44:11)
[   33215ms] Svelte error: each_key_duplicate
Keyed each block has duplicate key `analog-input:0` at indexes 0 and 21
https://svelte.dev/e/each_key_duplicate

	in <unknown>
	in PointsPanel.svelte
	in +page.svelte
	in +layout.svelte
	in root.svelte
	in undefined

    at each_key_duplicate (http://localhost:5174/node_modules/.vite/deps/chunk-7A7CYNOJ.js?v=8ed49038:297:19)
    at validate_each_keys (http://localhost:5174/node_modules/.vite/deps/chunk-7G2KXPB3.js?v=8ed49038:1300:7)
    at http://localhost:5174/node_modules/.vite/deps/chunk-7G2KXPB3.js?v=8ed49038:1037:9
    at update_reaction (http://localhost:5174/node_modules/.vite/deps/chunk-7A7CYNOJ.js?v=8ed49038:3845:18)
    at update_effect (http://localhost:5174/node_modules/.vite/deps/chunk-7A7CYNOJ.js?v=8ed49038:3984:21)
    at #traverse (http://localhost:5174/node_modules/.vite/deps/chunk-7A7CYNOJ.js?v=8ed49038:2676:11)
    at #process (http://localhost:5174/node_modules/.vite/deps/chunk-7A7CYNOJ.js?v=8ed49038:2595:23)
    at _Batch.flush (http://localhost:5174/node_modules/.vite/deps/chunk-7A7CYNOJ.js?v=8ed49038:2729:20)
    at Array.<anonymous> (http://localhost:5174/node_modules/.vite/deps/chunk-7A7CYNOJ.js?v=8ed49038:2852:19)
    at run_all (http://localhost:5174/node_modules/.vite/deps/chunk-7A7CYNOJ.js?v=8ed49038:44:11)
[   34216ms] Svelte error: each_key_duplicate
Keyed each block has duplicate key `analog-input:0` at indexes 0 and 21
https://svelte.dev/e/each_key_duplicate

	in <unknown>
	in PointsPanel.svelte
	in +page.svelte
	in +layout.svelte
	in root.svelte
	in undefined

    at each_key_duplicate (http://localhost:5174/node_modules/.vite/deps/chunk-7A7CYNOJ.js?v=8ed49038:297:19)
    at validate_each_keys (http://localhost:5174/node_modules/.vite/deps/chunk-7G2KXPB3.js?v=8ed49038:1300:7)
    at http://localhost:5174/node_modules/.vite/deps/chunk-7G2KXPB3.js?v=8ed49038:1037:9
    at update_reaction (http://localhost:5174/node_modules/.vite/deps/chunk-7A7CYNOJ.js?v=8ed49038:3845:18)
    at update_effect (http://localhost:5174/node_modules/.vite/deps/chunk-7A7CYNOJ.js?v=8ed49038:3984:21)
    at #traverse (http://localhost:5174/node_modules/.vite/deps/chunk-7A7CYNOJ.js?v=8ed49038:2676:11)
    at #process (http://localhost:5174/node_modules/.vite/deps/chunk-7A7CYNOJ.js?v=8ed49038:2595:23)
    at _Batch.flush (http://localhost:5174/node_modules/.vite/deps/chunk-7A7CYNOJ.js?v=8ed49038:2729:20)
    at Array.<anonymous> (http://localhost:5174/node_modules/.vite/deps/chunk-7A7CYNOJ.js?v=8ed49038:2852:19)
    at run_all (http://localhost:5174/node_modules/.vite/deps/chunk-7A7CYNOJ.js?v=8ed49038:44:11)
[   35218ms] Svelte error: each_key_duplicate
Keyed each block has duplicate key `analog-input:0` at indexes 0 and 21
https://svelte.dev/e/each_key_duplicate

	in <unknown>
	in PointsPanel.svelte
	in +page.svelte
	in +layout.svelte
	in root.svelte
	in undefined

    at each_key_duplicate (http://localhost:5174/node_modules/.vite/deps/chunk-7A7CYNOJ.js?v=8ed49038:297:19)
    at validate_each_keys (http://localhost:5174/node_modules/.vite/deps/chunk-7G2KXPB3.js?v=8ed49038:1300:7)
    at http://localhost:5174/node_modules/.vite/deps/chunk-7G2KXPB3.js?v=8ed49038:1037:9
    at update_reaction (http://localhost:5174/node_modules/.vite/deps/chunk-7A7CYNOJ.js?v=8ed49038:3845:18)
    at update_effect (http://localhost:5174/node_modules/.vite/deps/chunk-7A7CYNOJ.js?v=8ed49038:3984:21)
    at #traverse (http://localhost:5174/node_modules/.vite/deps/chunk-7A7CYNOJ.js?v=8ed49038:2676:11)
    at #process (http://localhost:5174/node_modules/.vite/deps/chunk-7A7CYNOJ.js?v=8ed49038:2595:23)
    at _Batch.flush (http://localhost:5174/node_modules/.vite/deps/chunk-7A7CYNOJ.js?v=8ed49038:2729:20)
    at Array.<anonymous> (http://localhost:5174/node_modules/.vite/deps/chunk-7A7CYNOJ.js?v=8ed49038:2852:19)
    at run_all (http://localhost:5174/node_modules/.vite/deps/chunk-7A7CYNOJ.js?v=8ed49038:44:11)
[   36219ms] Svelte error: each_key_duplicate
Keyed each block has duplicate key `analog-input:0` at indexes 0 and 21
https://svelte.dev/e/each_key_duplicate

	in <unknown>
	in PointsPanel.svelte
	in +page.svelte
	in +layout.svelte
	in root.svelte
	in undefined

    at each_key_duplicate (http://localhost:5174/node_modules/.vite/deps/chunk-7A7CYNOJ.js?v=8ed49038:297:19)
    at validate_each_keys (http://localhost:5174/node_modules/.vite/deps/chunk-7G2KXPB3.js?v=8ed49038:1300:7)
    at http://localhost:5174/node_modules/.vite/deps/chunk-7G2KXPB3.js?v=8ed49038:1037:9
    at update_reaction (http://localhost:5174/node_modules/.vite/deps/chunk-7A7CYNOJ.js?v=8ed49038:3845:18)
    at update_effect (http://localhost:5174/node_modules/.vite/deps/chunk-7A7CYNOJ.js?v=8ed49038:3984:21)
    at #traverse (http://localhost:5174/node_modules/.vite/deps/chunk-7A7CYNOJ.js?v=8ed49038:2676:11)
    at #process (http://localhost:5174/node_modules/.vite/deps/chunk-7A7CYNOJ.js?v=8ed49038:2595:23)
    at _Batch.flush (http://localhost:5174/node_modules/.vite/deps/chunk-7A7CYNOJ.js?v=8ed49038:2729:20)
    at Array.<anonymous> (http://localhost:5174/node_modules/.vite/deps/chunk-7A7CYNOJ.js?v=8ed49038:2852:19)
    at run_all (http://localhost:5174/node_modules/.vite/deps/chunk-7A7CYNOJ.js?v=8ed49038:44:11)
[   37219ms] Svelte error: each_key_duplicate
Keyed each block has duplicate key `analog-input:0` at indexes 0 and 21
https://svelte.dev/e/each_key_duplicate

	in <unknown>
	in PointsPanel.svelte
	in +page.svelte
	in +layout.svelte
	in root.svelte
	in undefined

    at each_key_duplicate (http://localhost:5174/node_modules/.vite/deps/chunk-7A7CYNOJ.js?v=8ed49038:297:19)
    at validate_each_keys (http://localhost:5174/node_modules/.vite/deps/chunk-7G2KXPB3.js?v=8ed49038:1300:7)
    at http://localhost:5174/node_modules/.vite/deps/chunk-7G2KXPB3.js?v=8ed49038:1037:9
    at update_reaction (http://localhost:5174/node_modules/.vite/deps/chunk-7A7CYNOJ.js?v=8ed49038:3845:18)
    at update_effect (http://localhost:5174/node_modules/.vite/deps/chunk-7A7CYNOJ.js?v=8ed49038:3984:21)
    at #traverse (http://localhost:5174/node_modules/.vite/deps/chunk-7A7CYNOJ.js?v=8ed49038:2676:11)
    at #process (http://localhost:5174/node_modules/.vite/deps/chunk-7A7CYNOJ.js?v=8ed49038:2595:23)
    at _Batch.flush (http://localhost:5174/node_modules/.vite/deps/chunk-7A7CYNOJ.js?v=8ed49038:2729:20)
    at Array.<anonymous> (http://localhost:5174/node_modules/.vite/deps/chunk-7A7CYNOJ.js?v=8ed49038:2852:19)
    at run_all (http://localhost:5174/node_modules/.vite/deps/chunk-7A7CYNOJ.js?v=8ed49038:44:11)
[   38220ms] Svelte error: each_key_duplicate
Keyed each block has duplicate key `analog-input:0` at indexes 0 and 21
https://svelte.dev/e/each_key_duplicate

	in <unknown>
	in PointsPanel.svelte
	in +page.svelte
	in +layout.svelte
	in root.svelte
	in undefined

    at each_key_duplicate (http://localhost:5174/node_modules/.vite/deps/chunk-7A7CYNOJ.js?v=8ed49038:297:19)
    at validate_each_keys (http://localhost:5174/node_modules/.vite/deps/chunk-7G2KXPB3.js?v=8ed49038:1300:7)
    at http://localhost:5174/node_modules/.vite/deps/chunk-7G2KXPB3.js?v=8ed49038:1037:9
    at update_reaction (http://localhost:5174/node_modules/.vite/deps/chunk-7A7CYNOJ.js?v=8ed49038:3845:18)
    at update_effect (http://localhost:5174/node_modules/.vite/deps/chunk-7A7CYNOJ.js?v=8ed49038:3984:21)
    at #traverse (http://localhost:5174/node_modules/.vite/deps/chunk-7A7CYNOJ.js?v=8ed49038:2676:11)
    at #process (http://localhost:5174/node_modules/.vite/deps/chunk-7A7CYNOJ.js?v=8ed49038:2595:23)
    at _Batch.flush (http://localhost:5174/node_modules/.vite/deps/chunk-7A7CYNOJ.js?v=8ed49038:2729:20)
    at Array.<anonymous> (http://localhost:5174/node_modules/.vite/deps/chunk-7A7CYNOJ.js?v=8ed49038:2852:19)
    at run_all (http://localhost:5174/node_modules/.vite/deps/chunk-7A7CYNOJ.js?v=8ed49038:44:11)
[   39386ms] Svelte error: each_key_duplicate
Keyed each block has duplicate key `analog-input:0` at indexes 0 and 21
https://svelte.dev/e/each_key_duplicate

	in <unknown>
	in PointsPanel.svelte
	in +page.svelte
	in +layout.svelte
	in root.svelte
	in undefined

    at each_key_duplicate (http://localhost:5174/node_modules/.vite/deps/chunk-7A7CYNOJ.js?v=8ed49038:297:19)
    at validate_each_keys (http://localhost:5174/node_modules/.vite/deps/chunk-7G2KXPB3.js?v=8ed49038:1300:7)
    at http://localhost:5174/node_modules/.vite/deps/chunk-7G2KXPB3.js?v=8ed49038:1037:9
    at update_reaction (http://localhost:5174/node_modules/.vite/deps/chunk-7A7CYNOJ.js?v=8ed49038:3845:18)
    at update_effect (http://localhost:5174/node_modules/.vite/deps/chunk-7A7CYNOJ.js?v=8ed49038:3984:21)
    at create_effect (http://localhost:5174/node_modules/.vite/deps/chunk-7A7CYNOJ.js?v=8ed49038:3329:7)
    at block (http://localhost:5174/node_modules/.vite/deps/chunk-7A7CYNOJ.js?v=8ed49038:3495:17)
    at Module.each (http://localhost:5174/node_modules/.vite/deps/chunk-7G2KXPB3.js?v=8ed49038:966:17)
    at http://localhost:5174/src/lib/PointsPanel.svelte:225:11
    at Module.add_svelte_meta (http://localhost:5174/node_modules/.vite/deps/chunk-7A7CYNOJ.js?v=8ed49038:591:12)
